app/build/intermediates/manifest_merge_blame_file/release/manifest-merger-blame-release-report.txt
1<?xml version="1.0" encoding="utf-8"?>
2<manifest xmlns:android="http://schemas.android.com/apk/res/android"
3    package="com.UHF.scanlable"
4    android:versionCode="1"
5    android:versionName="1.0" >
6
7    <uses-sdk
8        android:minSdkVersion="22"
8-->src\main\AndroidManifest.xml
9        android:targetSdkVersion="30" />
9-->src\main\AndroidManifest.xml
10
11    <uses-permission android:name="android.permission.WRITE_EXTERNAL_STORAGE" />
11-->src\main\AndroidManifest.xml:7:5-81
11-->src\main\AndroidManifest.xml:7:22-78
12    <uses-permission android:name="android.permission.READ_EXTERNAL_STORAGE" />
12-->src\main\AndroidManifest.xml:8:5-80
12-->src\main\AndroidManifest.xml:8:22-77
13    <uses-permission android:name="android.permission.INTERNET" />
13-->src\main\AndroidManifest.xml:9:5-67
13-->src\main\AndroidManifest.xml:9:22-64
14    <uses-permission android:name="android.permission.READ_PHONE_STATE" />
14-->src\main\AndroidManifest.xml:10:5-75
14-->src\main\AndroidManifest.xml:10:22-72
15    <uses-permission android:name="android.permission.WAKE_LOCK" />
15-->src\main\AndroidManifest.xml:11:5-68
15-->src\main\AndroidManifest.xml:11:22-65
16    <uses-permission android:name="android.permission.ACCESS_NETWORK_STATE" />
16-->src\main\AndroidManifest.xml:12:5-79
16-->src\main\AndroidManifest.xml:12:22-76
17    <uses-permission android:name="android.permission.WRITE_SETTINGS" />
17-->src\main\AndroidManifest.xml:13:5-73
17-->src\main\AndroidManifest.xml:13:22-70
18    <uses-permission android:name="android.permission.ACCESS_LOCATION_EXTRA_COMMANDS" />
18-->src\main\AndroidManifest.xml:14:5-89
18-->src\main\AndroidManifest.xml:14:22-86
19
20    <application
20-->src\main\AndroidManifest.xml:16:5-53:19
21        android:allowBackup="true"
21-->src\main\AndroidManifest.xml:17:9-35
22        android:appComponentFactory="android.support.v4.app.CoreComponentFactory"
22-->[com.android.support:support-compat:28.0.0] AndroidManifest.xml:22:18-91
23        android:icon="@drawable/ic_launcher"
23-->src\main\AndroidManifest.xml:18:9-45
24        android:label="@string/app_name"
24-->src\main\AndroidManifest.xml:19:9-41
25        android:requestLegacyExternalStorage="true"
25-->src\main\AndroidManifest.xml:20:9-52
26        android:theme="@style/AppTheme" >
26-->src\main\AndroidManifest.xml:21:9-40
27        <activity
27-->src\main\AndroidManifest.xml:22:9-28:20
28            android:name="com.UHF.scanlable.Finding"
28-->src\main\AndroidManifest.xml:23:13-36
29            android:exported="false" >
29-->src\main\AndroidManifest.xml:24:13-37
30            <meta-data
30-->src\main\AndroidManifest.xml:25:13-27:36
31                android:name="android.app.lib_name"
31-->src\main\AndroidManifest.xml:26:17-52
32                android:value="" />
32-->src\main\AndroidManifest.xml:27:17-33
33        </activity>
34        <activity
34-->src\main\AndroidManifest.xml:29:9-35:20
35            android:name="com.UHF.scanlable.MaskActivity"
35-->src\main\AndroidManifest.xml:30:13-41
36            android:exported="false" >
36-->src\main\AndroidManifest.xml:31:13-37
37            <meta-data
37-->src\main\AndroidManifest.xml:25:13-27:36
38                android:name="android.app.lib_name"
38-->src\main\AndroidManifest.xml:26:17-52
39                android:value="" />
39-->src\main\AndroidManifest.xml:27:17-33
40        </activity>
41        <activity android:name="com.UHF.scanlable.FSTActivity" />
41-->src\main\AndroidManifest.xml:36:9-49
41-->src\main\AndroidManifest.xml:36:19-46
42        <activity
42-->src\main\AndroidManifest.xml:37:9-47:20
43            android:name="com.UHF.scanlable.Connect232"
43-->src\main\AndroidManifest.xml:38:13-39
44            android:label="@string/app_name"
44-->src\main\AndroidManifest.xml:39:13-45
45            android:theme="@style/Theme.AppCompat.NoActionBar"
45-->src\main\AndroidManifest.xml:40:13-63
46            android:windowSoftInputMode="adjustPan" >
46-->src\main\AndroidManifest.xml:41:13-52
47            <intent-filter>
47-->src\main\AndroidManifest.xml:42:13-46:29
48                <action android:name="android.intent.action.MAIN" />
48-->src\main\AndroidManifest.xml:43:17-69
48-->src\main\AndroidManifest.xml:43:25-66
49
50                <category android:name="android.intent.category.LAUNCHER" />
50-->src\main\AndroidManifest.xml:45:17-77
50-->src\main\AndroidManifest.xml:45:27-74
51            </intent-filter>
52        </activity>
53        <activity android:name="com.UHF.scanlable.MainActivity" />
53-->src\main\AndroidManifest.xml:48:9-50
53-->src\main\AndroidManifest.xml:48:19-47
54        <activity android:name="com.UHF.scanlable.ScanView" />
54-->src\main\AndroidManifest.xml:49:9-46
54-->src\main\AndroidManifest.xml:49:19-43
55        <activity android:name="com.UHF.scanlable.ScanMode" />
55-->src\main\AndroidManifest.xml:50:9-46
55-->src\main\AndroidManifest.xml:50:19-43
56        <activity android:name="com.UHF.scanlable.ScanModeGroup" />
56-->src\main\AndroidManifest.xml:51:9-51
56-->src\main\AndroidManifest.xml:51:19-48
57        <activity android:name="com.UHF.scanlable.ReadWriteActivity" />
57-->src\main\AndroidManifest.xml:52:9-55
57-->src\main\AndroidManifest.xml:52:19-52
58    </application>
59
60</manifest>